# JRE version: Java(TM) SE Runtime Environment (8.0_91-b14) (build 1.8.0_91-b14)
# Java VM: Java HotSpot(TM) 64-Bit Server VM (25.91-b14 mixed mode windows-amd64 compressed oops)
Heap:
 PSYoungGen      total 899584K, used 33749K [0x0000000780700000, 0x00000007c0000000, 0x00000007c0000000)
  eden space 858112K, 3% used [0x0000000780700000,0x00000007827f5548,0x00000007b4d00000)
  from space 41472K, 0% used [0x00000007b4d00000,0x00000007b4d00000,0x00000007b7580000)
  to   space 44032K, 0% used [0x00000007bd500000,0x00000007bd500000,0x00000007c0000000)
 ParOldGen       total 291840K, used 137227K [0x0000000701400000, 0x0000000713100000, 0x0000000780700000)
  object space 291840K, 47% used [0x0000000701400000,0x0000000709a02f98,0x0000000713100000)
 Metaspace       used 50920K, capacity 52480K, committed 57216K, reserved 1099776K
  class space    used 6150K, capacity 6535K, committed 7296K, reserved 1048576K
GC Heap History (10 events):
Event: 20.526 GC heap before
{Heap before GC invocations=16 (full 2):
 PSYoungGen      total 522240K, used 522230K [0x0000000780700000, 0x00000007ac880000, 0x00000007c0000000)
  eden space 492032K, 100% used [0x0000000780700000,0x000000079e780000,0x000000079e780000)
  from space 30208K, 99% used [0x000000079e780000,0x00000007a04fdb00,0x00000007a0500000)
  to   space 38400K, 0% used [0x00000007aa300000,0x00000007aa300000,0x00000007ac880000)
 ParOldGen       total 155136K, used 65014K [0x0000000701400000, 0x000000070ab80000, 0x0000000780700000)
  object space 155136K, 41% used [0x0000000701400000,0x000000070537db28,0x000000070ab80000)
 Metaspace       used 52471K, capacity 54160K, committed 54400K, reserved 1097728K
  class space    used 6511K, capacity 6941K, committed 7040K, reserved 1048576K
Event: 20.583 GC heap after
Heap after GC invocations=16 (full 2):
 PSYoungGen      total 680448K, used 35143K [0x0000000780700000, 0x00000007add00000, 0x00000007c0000000)
  eden space 642048K, 0% used [0x0000000780700000,0x0000000780700000,0x00000007a7a00000)
  from space 38400K, 91% used [0x00000007aa300000,0x00000007ac551fa0,0x00000007ac880000)
  to   space 41984K, 0% used [0x00000007a7a00000,0x00000007a7a00000,0x00000007aa300000)
 ParOldGen       total 155136K, used 81803K [0x0000000701400000, 0x000000070ab80000, 0x0000000780700000)
  object space 155136K, 52% used [0x0000000701400000,0x00000007063e2c70,0x000000070ab80000)
 Metaspace       used 52471K, capacity 54160K, committed 54400K, reserved 1097728K
  class space    used 6511K, capacity 6941K, committed 7040K, reserved 1048576K
}
Event: 21.588 GC heap before
{Heap before GC invocations=17 (full 2):
 PSYoungGen      total 680448K, used 677191K [0x0000000780700000, 0x00000007add00000, 0x00000007c0000000)
  eden space 642048K, 100% used [0x0000000780700000,0x00000007a7a00000,0x00000007a7a00000)
  from space 38400K, 91% used [0x00000007aa300000,0x00000007ac551fa0,0x00000007ac880000)
  to   space 41984K, 0% used [0x00000007a7a00000,0x00000007a7a00000,0x00000007aa300000)
 ParOldGen       total 155136K, used 81803K [0x0000000701400000, 0x000000070ab80000, 0x0000000780700000)
  object space 155136K, 52% used [0x0000000701400000,0x00000007063e2c70,0x000000070ab80000)
 Metaspace       used 52808K, capacity 54530K, committed 54656K, reserved 1097728K
  class space    used 6530K, capacity 6976K, committed 7040K, reserved 1048576K
Event: 21.628 GC heap after
Heap after GC invocations=17 (full 2):
 PSYoungGen      total 684032K, used 28835K [0x0000000780700000, 0x00000007b9f00000, 0x00000007c0000000)
  eden space 642048K, 0% used [0x0000000780700000,0x0000000780700000,0x00000007a7a00000)
  from space 41984K, 68% used [0x00000007a7a00000,0x00000007a9628f78,0x00000007aa300000)
  to   space 42496K, 0% used [0x00000007b7580000,0x00000007b7580000,0x00000007b9f00000)
 ParOldGen       total 155136K, used 104252K [0x0000000701400000, 0x000000070ab80000, 0x0000000780700000)
  object space 155136K, 67% used [0x0000000701400000,0x00000007079cf098,0x000000070ab80000)
 Metaspace       used 52808K, capacity 54530K, committed 54656K, reserved 1097728K
  class space    used 6530K, capacity 6976K, committed 7040K, reserved 1048576K
}
Event: 22.532 GC heap before
{Heap before GC invocations=18 (full 2):
 PSYoungGen      total 684032K, used 670883K [0x0000000780700000, 0x00000007b9f00000, 0x00000007c0000000)
  eden space 642048K, 100% used [0x0000000780700000,0x00000007a7a00000,0x00000007a7a00000)
  from space 41984K, 68% used [0x00000007a7a00000,0x00000007a9628f78,0x00000007aa300000)
  to   space 42496K, 0% used [0x00000007b7580000,0x00000007b7580000,0x00000007b9f00000)
 ParOldGen       total 155136K, used 104252K [0x0000000701400000, 0x000000070ab80000, 0x0000000780700000)
  object space 155136K, 67% used [0x0000000701400000,0x00000007079cf098,0x000000070ab80000)
 Metaspace       used 53441K, capacity 55226K, committed 55424K, reserved 1097728K
  class space    used 6573K, capacity 7028K, committed 7040K, reserved 1048576K
Event: 22.608 GC heap after
Heap after GC invocations=18 (full 2):
 PSYoungGen      total 900608K, used 25146K [0x0000000780700000, 0x00000007bad80000, 0x00000007c0000000)
  eden space 858112K, 0% used [0x0000000780700000,0x0000000780700000,0x00000007b4d00000)
  from space 42496K, 59% used [0x00000007b7580000,0x00000007b8e0e8a8,0x00000007b9f00000)
  to   space 41472K, 0% used [0x00000007b4d00000,0x00000007b4d00000,0x00000007b7580000)
 ParOldGen       total 155136K, used 120771K [0x0000000701400000, 0x000000070ab80000, 0x0000000780700000)
  object space 155136K, 77% used [0x0000000701400000,0x00000007089f0c40,0x000000070ab80000)
 Metaspace       used 53441K, capacity 55226K, committed 55424K, reserved 1097728K
  class space    used 6573K, capacity 7028K, committed 7040K, reserved 1048576K
}
Event: 25.151 GC heap before
{Heap before GC invocations=19 (full 2):
 PSYoungGen      total 900608K, used 883258K [0x0000000780700000, 0x00000007bad80000, 0x00000007c0000000)
  eden space 858112K, 100% used [0x0000000780700000,0x00000007b4d00000,0x00000007b4d00000)
  from space 42496K, 59% used [0x00000007b7580000,0x00000007b8e0e8a8,0x00000007b9f00000)
  to   space 41472K, 0% used [0x00000007b4d00000,0x00000007b4d00000,0x00000007b7580000)
 ParOldGen       total 155136K, used 120771K [0x0000000701400000, 0x000000070ab80000, 0x0000000780700000)
  object space 155136K, 77% used [0x0000000701400000,0x00000007089f0c40,0x000000070ab80000)
 Metaspace       used 55044K, capacity 56950K, committed 57216K, reserved 1099776K
  class space    used 6710K, capacity 7192K, committed 7296K, reserved 1048576K
Event: 25.222 GC heap after
Heap after GC invocations=19 (full 2):
 PSYoungGen      total 899584K, used 34450K [0x0000000780700000, 0x00000007c0000000, 0x00000007c0000000)
  eden space 858112K, 0% used [0x0000000780700000,0x0000000780700000,0x00000007b4d00000)
  from space 41472K, 83% used [0x00000007b4d00000,0x00000007b6ea4bf0,0x00000007b7580000)
  to   space 44032K, 0% used [0x00000007bd500000,0x00000007bd500000,0x00000007c0000000)
 ParOldGen       total 155136K, used 136878K [0x0000000701400000, 0x000000070ab80000, 0x0000000780700000)
  object space 155136K, 88% used [0x0000000701400000,0x00000007099ab958,0x000000070ab80000)
 Metaspace       used 55044K, capacity 56950K, committed 57216K, reserved 1099776K
  class space    used 6710K, capacity 7192K, committed 7296K, reserved 1048576K
}
Event: 25.222 GC heap before
{Heap before GC invocations=20 (full 3):
 PSYoungGen      total 899584K, used 34450K [0x0000000780700000, 0x00000007c0000000, 0x00000007c0000000)
  eden space 858112K, 0% used [0x0000000780700000,0x0000000780700000,0x00000007b4d00000)
  from space 41472K, 83% used [0x00000007b4d00000,0x00000007b6ea4bf0,0x00000007b7580000)
  to   space 44032K, 0% used [0x00000007bd500000,0x00000007bd500000,0x00000007c0000000)
 ParOldGen       total 155136K, used 136878K [0x0000000701400000, 0x000000070ab80000, 0x0000000780700000)
  object space 155136K, 88% used [0x0000000701400000,0x00000007099ab958,0x000000070ab80000)
 Metaspace       used 55044K, capacity 56950K, committed 57216K, reserved 1099776K
  class space    used 6710K, capacity 7192K, committed 7296K, reserved 1048576K
Event: 26.039 GC heap after
Heap after GC invocations=20 (full 3):
 PSYoungGen      total 899584K, used 0K [0x0000000780700000, 0x00000007c0000000, 0x00000007c0000000)
  eden space 858112K, 0% used [0x0000000780700000,0x0000000780700000,0x00000007b4d00000)
  from space 41472K, 0% used [0x00000007b4d00000,0x00000007b4d00000,0x00000007b7580000)
  to   space 44032K, 0% used [0x00000007bd500000,0x00000007bd500000,0x00000007c0000000)
 ParOldGen       total 291840K, used 137227K [0x0000000701400000, 0x0000000713100000, 0x0000000780700000)
  object space 291840K, 47% used [0x0000000701400000,0x0000000709a02f98,0x0000000713100000)
 Metaspace       used 50739K, capacity 52352K, committed 57216K, reserved 1099776K
  class space    used 6130K, capacity 6535K, committed 7296K, reserved 1048576K
}

