# JRE version: Java(TM) SE Runtime Environment (8.0_91-b14) (build 1.8.0_91-b14)
# Java VM: Java HotSpot(TM) 64-Bit Server VM (25.91-b14 mixed mode windows-amd64 compressed oops)
Heap:
 PSYoungGen      total 486400K, used 277850K [0x0000000780700000, 0x00000007a7c80000, 0x00000007c0000000)
  eden space 450048K, 53% used [0x0000000780700000,0x000000078f2ddc18,0x000000079be80000)
  from space 36352K, 99% used [0x00000007a5900000,0x00000007a7c78c30,0x00000007a7c80000)
  to   space 31744K, 0% used [0x000000079be80000,0x000000079be80000,0x000000079dd80000)
 ParOldGen       total 165888K, used 72143K [0x0000000701400000, 0x000000070b600000, 0x0000000780700000)
  object space 165888K, 43% used [0x0000000701400000,0x0000000705a73ef8,0x000000070b600000)
 Metaspace       used 52497K, capacity 54284K, committed 54400K, reserved 1097728K
  class space    used 6520K, capacity 7005K, committed 7040K, reserved 1048576K
GC Heap History (10 events):
Event: 13.815 GC heap before
{Heap before GC invocations=12 (full 2):
 PSYoungGen      total 309248K, used 302043K [0x0000000780700000, 0x0000000799200000, 0x00000007c0000000)
  eden space 285696K, 100% used [0x0000000780700000,0x0000000791e00000,0x0000000791e00000)
  from space 23552K, 69% used [0x0000000791e00000,0x0000000792df6ee8,0x0000000793500000)
  to   space 23040K, 0% used [0x0000000797b80000,0x0000000797b80000,0x0000000799200000)
 ParOldGen       total 165888K, used 43731K [0x0000000701400000, 0x000000070b600000, 0x0000000780700000)
  object space 165888K, 26% used [0x0000000701400000,0x0000000703eb4fc8,0x000000070b600000)
 Metaspace       used 41942K, capacity 42926K, committed 43136K, reserved 1087488K
  class space    used 5423K, capacity 5704K, committed 5760K, reserved 1048576K
Event: 13.851 GC heap after
Heap after GC invocations=12 (full 2):
 PSYoungGen      total 380928K, used 18626K [0x0000000780700000, 0x0000000799580000, 0x00000007c0000000)
  eden space 357888K, 0% used [0x0000000780700000,0x0000000780700000,0x0000000796480000)
  from space 23040K, 80% used [0x0000000797b80000,0x0000000798db0958,0x0000000799200000)
  to   space 23552K, 0% used [0x0000000796480000,0x0000000796480000,0x0000000797b80000)
 ParOldGen       total 165888K, used 43811K [0x0000000701400000, 0x000000070b600000, 0x0000000780700000)
  object space 165888K, 26% used [0x0000000701400000,0x0000000703ec8ff0,0x000000070b600000)
 Metaspace       used 41942K, capacity 42926K, committed 43136K, reserved 1087488K
  class space    used 5423K, capacity 5704K, committed 5760K, reserved 1048576K
}
Event: 15.006 GC heap before
{Heap before GC invocations=13 (full 2):
 PSYoungGen      total 380928K, used 376514K [0x0000000780700000, 0x0000000799580000, 0x00000007c0000000)
  eden space 357888K, 100% used [0x0000000780700000,0x0000000796480000,0x0000000796480000)
  from space 23040K, 80% used [0x0000000797b80000,0x0000000798db0958,0x0000000799200000)
  to   space 23552K, 0% used [0x0000000796480000,0x0000000796480000,0x0000000797b80000)
 ParOldGen       total 165888K, used 43811K [0x0000000701400000, 0x000000070b600000, 0x0000000780700000)
  object space 165888K, 26% used [0x0000000701400000,0x0000000703ec8ff0,0x000000070b600000)
 Metaspace       used 42571K, capacity 43818K, committed 44032K, reserved 1087488K
  class space    used 5482K, capacity 5810K, committed 5888K, reserved 1048576K
Event: 15.051 GC heap after
Heap after GC invocations=13 (full 2):
 PSYoungGen      total 381440K, used 20053K [0x0000000780700000, 0x000000079f500000, 0x00000007c0000000)
  eden space 357888K, 0% used [0x0000000780700000,0x0000000780700000,0x0000000796480000)
  from space 23552K, 85% used [0x0000000796480000,0x0000000797815428,0x0000000797b80000)
  to   space 24064K, 0% used [0x000000079dd80000,0x000000079dd80000,0x000000079f500000)
 ParOldGen       total 165888K, used 43819K [0x0000000701400000, 0x000000070b600000, 0x0000000780700000)
  object space 165888K, 26% used [0x0000000701400000,0x0000000703ecaff0,0x000000070b600000)
 Metaspace       used 42571K, capacity 43818K, committed 44032K, reserved 1087488K
  class space    used 5482K, capacity 5810K, committed 5888K, reserved 1048576K
}
Event: 17.857 GC heap before
{Heap before GC invocations=14 (full 2):
 PSYoungGen      total 381440K, used 377941K [0x0000000780700000, 0x000000079f500000, 0x00000007c0000000)
  eden space 357888K, 100% used [0x0000000780700000,0x0000000796480000,0x0000000796480000)
  from space 23552K, 85% used [0x0000000796480000,0x0000000797815428,0x0000000797b80000)
  to   space 24064K, 0% used [0x000000079dd80000,0x000000079dd80000,0x000000079f500000)
 ParOldGen       total 165888K, used 43819K [0x0000000701400000, 0x000000070b600000, 0x0000000780700000)
  object space 165888K, 26% used [0x0000000701400000,0x0000000703ecaff0,0x000000070b600000)
 Metaspace       used 50320K, capacity 51926K, committed 52096K, reserved 1095680K
  class space    used 6304K, capacity 6720K, committed 6784K, reserved 1048576K
Event: 17.911 GC heap after
Heap after GC invocations=14 (full 2):
 PSYoungGen      total 474112K, used 24042K [0x0000000780700000, 0x000000079ff00000, 0x00000007c0000000)
  eden space 450048K, 0% used [0x0000000780700000,0x0000000780700000,0x000000079be80000)
  from space 24064K, 99% used [0x000000079dd80000,0x000000079f4fa988,0x000000079f500000)
  to   space 31744K, 0% used [0x000000079be80000,0x000000079be80000,0x000000079dd80000)
 ParOldGen       total 165888K, used 58482K [0x0000000701400000, 0x000000070b600000, 0x0000000780700000)
  object space 165888K, 35% used [0x0000000701400000,0x0000000704d1c8b8,0x000000070b600000)
 Metaspace       used 50320K, capacity 51926K, committed 52096K, reserved 1095680K
  class space    used 6304K, capacity 6720K, committed 6784K, reserved 1048576K
}
Event: 19.204 GC heap before
{Heap before GC invocations=15 (full 2):
 PSYoungGen      total 474112K, used 474090K [0x0000000780700000, 0x000000079ff00000, 0x00000007c0000000)
  eden space 450048K, 100% used [0x0000000780700000,0x000000079be80000,0x000000079be80000)
  from space 24064K, 99% used [0x000000079dd80000,0x000000079f4fa988,0x000000079f500000)
  to   space 31744K, 0% used [0x000000079be80000,0x000000079be80000,0x000000079dd80000)
 ParOldGen       total 165888K, used 58482K [0x0000000701400000, 0x000000070b600000, 0x0000000780700000)
  object space 165888K, 35% used [0x0000000701400000,0x0000000704d1c8b8,0x000000070b600000)
 Metaspace       used 51462K, capacity 53098K, committed 53248K, reserved 1095680K
  class space    used 6396K, capacity 6828K, committed 6912K, reserved 1048576K
Event: 19.246 GC heap after
Heap after GC invocations=15 (full 2):
 PSYoungGen      total 481792K, used 31716K [0x0000000780700000, 0x00000007a7c80000, 0x00000007c0000000)
  eden space 450048K, 0% used [0x0000000780700000,0x0000000780700000,0x000000079be80000)
  from space 31744K, 99% used [0x000000079be80000,0x000000079dd79190,0x000000079dd80000)
  to   space 36352K, 0% used [0x00000007a5900000,0x00000007a5900000,0x00000007a7c80000)
 ParOldGen       total 165888K, used 60973K [0x0000000701400000, 0x000000070b600000, 0x0000000780700000)
  object space 165888K, 36% used [0x0000000701400000,0x0000000704f8b5e0,0x000000070b600000)
 Metaspace       used 51462K, capacity 53098K, committed 53248K, reserved 1095680K
  class space    used 6396K, capacity 6828K, committed 6912K, reserved 1048576K
}
Event: 20.014 GC heap before
{Heap before GC invocations=16 (full 2):
 PSYoungGen      total 481792K, used 481764K [0x0000000780700000, 0x00000007a7c80000, 0x00000007c0000000)
  eden space 450048K, 100% used [0x0000000780700000,0x000000079be80000,0x000000079be80000)
  from space 31744K, 99% used [0x000000079be80000,0x000000079dd79190,0x000000079dd80000)
  to   space 36352K, 0% used [0x00000007a5900000,0x00000007a5900000,0x00000007a7c80000)
 ParOldGen       total 165888K, used 60973K [0x0000000701400000, 0x000000070b600000, 0x0000000780700000)
  object space 165888K, 36% used [0x0000000701400000,0x0000000704f8b680,0x000000070b600000)
 Metaspace       used 52410K, capacity 54246K, committed 54400K, reserved 1097728K
  class space    used 6513K, capacity 6972K, committed 7040K, reserved 1048576K
Event: 20.074 GC heap after
Heap after GC invocations=16 (full 2):
 PSYoungGen      total 486400K, used 36323K [0x0000000780700000, 0x00000007a7c80000, 0x00000007c0000000)
  eden space 450048K, 0% used [0x0000000780700000,0x0000000780700000,0x000000079be80000)
  from space 36352K, 99% used [0x00000007a5900000,0x00000007a7c78c30,0x00000007a7c80000)
  to   space 31744K, 0% used [0x000000079be80000,0x000000079be80000,0x000000079dd80000)
 ParOldGen       total 165888K, used 72143K [0x0000000701400000, 0x000000070b600000, 0x0000000780700000)
  object space 165888K, 43% used [0x0000000701400000,0x0000000705a73ef8,0x000000070b600000)
 Metaspace       used 52410K, capacity 54246K, committed 54400K, reserved 1097728K
  class space    used 6513K, capacity 6972K, committed 7040K, reserved 1048576K
}

